             precision    recall  f1-score   support

          0       0.57      0.50      0.53         8
          1       0.83      0.62      0.71         8
          2       0.37      1.00      0.54         7
          3       0.56      0.50      0.53        10
          4       0.27      0.75      0.40         4
          5       1.00      0.33      0.50         6
          6       0.83      0.62      0.71         8
          7       1.00      0.43      0.60        14
          8       0.33      0.50      0.40         4
          9       1.00      0.50      0.67         6

avg / total       0.73      0.56      0.58        75


[[4 0 1 1 2 0 0 0 0 0]
 [1 5 1 0 1 0 0 0 0 0]
 [0 0 7 0 0 0 0 0 0 0]
 [0 1 2 5 2 0 0 0 0 0]
 [0 0 0 1 3 0 0 0 0 0]
 [0 0 1 1 1 2 1 0 0 0]
 [0 0 3 0 0 0 5 0 0 0]
 [1 0 2 1 1 0 0 6 3 0]
 [0 0 2 0 0 0 0 0 2 0]
 [1 0 0 0 1 0 0 0 1 3]]

Score log_loss: 1.379863895