             precision    recall  f1-score   support

          0       0.86      0.97      0.91        38
          1       0.96      0.96      0.96        47
          2       0.92      0.98      0.95        49
          3       0.98      1.00      0.99        44
          4       0.97      0.93      0.95        42
          5       1.00      0.98      0.99        47
          6       0.93      0.93      0.93        43
          7       1.00      0.96      0.98        45
          8       0.95      0.97      0.96        37
          9       0.98      0.87      0.92        46

avg / total       0.96      0.95      0.95       438


[[37  0  0  0  0  0  0  0  0  1]
 [ 0 45  1  0  0  0  1  0  0  0]
 [ 0  1 48  0  0  0  0  0  0  0]
 [ 0  0  0 44  0  0  0  0  0  0]
 [ 1  0  1  0 39  0  1  0  0  0]
 [ 0  0  0  1  0 46  0  0  0  0]
 [ 1  0  2  0  0  0 40  0  0  0]
 [ 1  0  0  0  0  0  0 43  1  0]
 [ 0  0  0  0  0  0  1  0 36  0]
 [ 3  1  0  0  1  0  0  0  1 40]]

Score log_loss: 0.196682306178