             precision    recall  f1-score   support

          0       0.85      0.90      0.88        59
          1       0.96      0.97      0.97        71
          2       0.93      0.98      0.95        53
          3       0.95      1.00      0.97        57
          4       0.95      0.95      0.95        57
          5       1.00      0.97      0.99        70
          6       0.98      0.98      0.98        65
          7       0.99      0.96      0.97        74
          8       0.96      0.91      0.94        57
          9       1.00      0.95      0.98        62

avg / total       0.96      0.96      0.96       625


[[53  2  1  2  1  0  0  0  0  0]
 [ 2 69  0  0  0  0  0  0  0  0]
 [ 0  1 52  0  0  0  0  0  0  0]
 [ 0  0  0 57  0  0  0  0  0  0]
 [ 3  0  0  0 54  0  0  0  0  0]
 [ 1  0  0  0  1 68  0  0  0  0]
 [ 0  0  1  0  0  0 64  0  0  0]
 [ 2  0  0  0  0  0  0 71  1  0]
 [ 0  0  2  1  0  0  1  1 52  0]
 [ 1  0  0  0  1  0  0  0  1 59]]

Score log_loss: 0.173527349405