             precision    recall  f1-score   support

          0       0.21      0.44      0.28       220
          1       0.35      0.04      0.07       220
          2       0.26      0.04      0.07       220
          3       0.57      0.05      0.10       220
          4       0.31      0.05      0.09       220
          5       0.26      0.85      0.40       206
          6       0.34      0.10      0.16       220
          7       0.29      0.58      0.39       202
          8       0.21      0.37      0.27       220
          9       0.49      0.12      0.19       220

avg / total       0.33      0.26      0.20      2168


[[ 97   5   3   0   7  50   0  24  32   2]
 [ 40   8   0   3   0  72  11  34  48   4]
 [ 44   0   9   0   0  73   6  41  44   3]
 [ 56   0   4  12  18  80   0  35  14   1]
 [ 53   1   8   0  12  62   8  33  40   3]
 [  5   0   1   0   0 175   0   8  14   3]
 [ 30   0  10   1   0  71  23  47  37   1]
 [ 18   0   0   0   0  24   1 118  37   4]
 [ 49   9   0   2   2  36   0  35  81   6]
 [ 77   0   0   3   0  27  19  28  40  26]]

Score log_loss: 2.488645267