             precision    recall  f1-score   support

          0       0.82      0.85      0.84        33
          1       0.97      0.95      0.96        37
          2       0.91      1.00      0.95        41
          3       0.81      0.97      0.89        36
          4       0.97      0.89      0.93        35
          5       0.97      0.97      0.97        30
          6       0.90      0.97      0.94        39
          7       1.00      1.00      1.00        51
          8       1.00      0.83      0.91        41
          9       1.00      0.88      0.93        32

avg / total       0.94      0.93      0.93       375


[[28  0  1  3  0  1  0  0  0  0]
 [ 1 35  0  1  0  0  0  0  0  0]
 [ 0  0 41  0  0  0  0  0  0  0]
 [ 0  0  0 35  1  0  0  0  0  0]
 [ 0  0  0  4 31  0  0  0  0  0]
 [ 0  0  0  0  0 29  1  0  0  0]
 [ 0  0  1  0  0  0 38  0  0  0]
 [ 0  0  0  0  0  0  0 51  0  0]
 [ 1  1  2  0  0  0  3  0 34  0]
 [ 4  0  0  0  0  0  0  0  0 28]]

Score log_loss: 0.316466090069