             precision    recall  f1-score   support

          0       0.96      0.97      0.96       143
          1       0.98      1.00      0.99       123
          2       1.00      0.98      0.99       126
          3       0.97      1.00      0.98       116
          4       0.98      1.00      0.99       118
          5       1.00      0.99      1.00       118
          6       0.98      1.00      0.99       123
          7       0.99      0.98      0.98       141
          8       0.95      0.95      0.95       106
          9       1.00      0.93      0.97       136

avg / total       0.98      0.98      0.98      1250


[[138   2   0   2   0   0   0   0   1   0]
 [  0 123   0   0   0   0   0   0   0   0]
 [  0   0 124   1   0   0   1   0   0   0]
 [  0   0   0 116   0   0   0   0   0   0]
 [  0   0   0   0 118   0   0   0   0   0]
 [  0   0   0   0   1 117   0   0   0   0]
 [  0   0   0   0   0   0 123   0   0   0]
 [  0   0   0   0   1   0   2 138   0   0]
 [  4   0   0   0   0   0   0   1 101   0]
 [  2   0   0   1   1   0   0   1   4 127]]

Score log_loss: 0.0787929638004