             precision    recall  f1-score   support

          0       0.99      1.00      1.00       573
          1       1.00      1.00      1.00       605
          2       1.00      1.00      1.00       598
          3       1.00      0.99      1.00       605
          4       0.99      0.99      0.99       589
          5       1.00      1.00      1.00       577
          6       1.00      1.00      1.00       586
          7       1.00      1.00      1.00       480
          8       0.99      0.99      0.99       491
          9       1.00      0.99      1.00       502

avg / total       1.00      1.00      1.00      5606


[[572   0   0   1   0   0   0   0   0   0]
 [  0 605   0   0   0   0   0   0   0   0]
 [  0   0 597   0   0   0   1   0   0   0]
 [  1   0   2 601   1   0   0   0   0   0]
 [  1   0   0   1 586   0   0   0   1   0]
 [  1   0   0   0   1 575   0   0   0   0]
 [  1   0   0   0   0   0 585   0   0   0]
 [  0   0   0   0   0   0   0 480   0   0]
 [  0   0   0   0   2   0   0   1 487   1]
 [  0   0   0   0   0   0   0   0   3 499]]

Score log_loss: 0.0150286599527