             precision    recall  f1-score   support

          0       0.20      0.20      0.20       110
          1       0.64      0.06      0.12       110
          2       0.30      0.08      0.13       110
          3       0.71      0.05      0.09       110
          4       0.78      0.06      0.12       110
          5       0.31      0.69      0.43       106
          6       0.58      0.10      0.17       110
          7       0.21      0.70      0.32       102
          8       0.17      0.48      0.25       110
          9       0.70      0.13      0.22       110

avg / total       0.46      0.25      0.20      1088


[[22  0  7  0  0 19  0 31 29  2]
 [10  7  1  0  0 20  3 37 32  0]
 [ 3  0  9  0  0 31  0 27 40  0]
 [20  0  9  5  2 15  0 25 33  1]
 [19  0  0  0  7 18  2 30 34  0]
 [ 0  0  0  0  0 73  0 19 14  0]
 [ 3  0  2  0  0 26 11 32 35  1]
 [ 3  0  2  0  0  6  0 71 19  1]
 [ 8  4  0  1  0 17  0 26 53  1]
 [22  0  0  1  0  8  3 40 22 14]]

Score log_loss: 2.39241969205